<?xml version="1.0" encoding="UTF-8"?>
<!-- Generated by org.testng.reporters.JUnitReportReporter -->
<testsuite hostname="DESKTOP-59FMM7T" failures="0" tests="1" name="impex.CreateCustomerTest.createCustomerWithAllDetails" time="71.748" errors="0" timestamp="2023-02-07T23:52:37 IST" skipped="0">
  <testcase classname="impex.CreateCustomerTest.createCustomerWithAllDetails" name="Test1" time="71.748"/>
  <system-out>
    <![CDATA[--New Customer Page OPens successfully
--New Customer created and saved successfully
--Purchase Contacts page opens--
--Purchase contact added successfully--
--Logistics contact page opens--
--Logistics contact added successfully--]]>
  </system-out>
</testsuite> <!-- impex.CreateCustomerTest.createCustomerWithAllDetails -->
