<?xml version="1.0" encoding="UTF-8"?>
<!-- Generated by org.testng.reporters.JUnitReportReporter -->
<testsuite hostname="DESKTOP-59FMM7T" failures="0" tests="1" name="customerTestCases.createCustomerWithAllDetails" time="24.019" errors="0" timestamp="2023-02-06T20:17:24 IST" skipped="0">
  <testcase classname="customerTestCases.createCustomerWithAllDetails" name="Test1" time="24.019"/>
  <system-out>
    <![CDATA[--New Customer Page OPens successfully
--New Customer created and saved successfully]]>
  </system-out>
</testsuite> <!-- customerTestCases.createCustomerWithAllDetails -->
