<?xml version="1.0" encoding="UTF-8"?>
<!-- Generated by org.testng.reporters.JUnitReportReporter -->
<testsuite hostname="DESKTOP-59FMM7T" failures="0" tests="5" name="customerTestCases.createMultipleCustomer" time="112.328" errors="0" timestamp="2023-02-06T21:54:21 IST" skipped="0">
  <testcase classname="customerTestCases.createMultipleCustomer" name="createNewCustomer" time="21.527"/>
  <system-out>
    <![CDATA[--New Customer Page OPens successfully
--New Customer created and saved successfully]]>
  </system-out>
  <testcase classname="customerTestCases.createMultipleCustomer" name="createNewCustomer" time="24.385"/>
  <system-out>
    <![CDATA[--New Customer Page OPens successfully
--New Customer created and saved successfully]]>
  </system-out>
  <testcase classname="customerTestCases.createMultipleCustomer" name="createNewCustomer" time="20.501"/>
  <system-out>
    <![CDATA[--New Customer Page OPens successfully
--New Customer created and saved successfully]]>
  </system-out>
  <testcase classname="customerTestCases.createMultipleCustomer" name="createNewCustomer" time="21.884"/>
  <system-out>
    <![CDATA[--New Customer Page OPens successfully
--New Customer created and saved successfully]]>
  </system-out>
  <testcase classname="customerTestCases.createMultipleCustomer" name="createNewCustomer" time="24.031"/>
  <system-out>
    <![CDATA[--New Customer Page OPens successfully
--New Customer created and saved successfully]]>
  </system-out>
</testsuite> <!-- customerTestCases.createMultipleCustomer -->
